# JRE version: OpenJDK Runtime Environment (11.0.9.1+1) (build 11.0.9.1+1-Ubuntu-0ubuntu1.20.04)
# Java VM: OpenJDK 64-Bit Server VM (11.0.9.1+1-Ubuntu-0ubuntu1.20.04, mixed mode, sharing, tiered, compressed oops, g1 gc, linux-amd64)
Heap:
 garbage-first heap   total 231424K, used 101058K [0x0000000746800000, 0x0000000800000000)
  region size 1024K, 98 young (100352K), 11 survivors (11264K)
 Metaspace       used 24842K, capacity 25558K, committed 25904K, reserved 1073152K
  class space    used 2824K, capacity 3087K, committed 3200K, reserved 1048576K
GC Heap History (10 events):
Event: 0.812 GC heap before
{Heap before GC invocations=0 (full 0):
 garbage-first heap   total 192512K, used 15048K [0x0000000746800000, 0x0000000800000000)
  region size 1024K, 14 young (14336K), 0 survivors (0K)
 Metaspace       used 4116K, capacity 7153K, committed 7296K, reserved 1056768K
  class space    used 460K, capacity 792K, committed 896K, reserved 1048576K
}
Event: 0.839 GC heap after
{Heap after GC invocations=1 (full 0):
 garbage-first heap   total 192512K, used 3301K [0x0000000746800000, 0x0000000800000000)
  region size 1024K, 2 young (2048K), 2 survivors (2048K)
 Metaspace       used 4116K, capacity 7153K, committed 7296K, reserved 1056768K
  class space    used 460K, capacity 792K, committed 896K, reserved 1048576K
}
Event: 1.094 GC heap before
{Heap before GC invocations=1 (full 0):
 garbage-first heap   total 192512K, used 15589K [0x0000000746800000, 0x0000000800000000)
  region size 1024K, 14 young (14336K), 2 survivors (2048K)
 Metaspace       used 5394K, capacity 7934K, committed 8192K, reserved 1056768K
  class space    used 641K, capacity 924K, committed 1024K, reserved 1048576K
}
Event: 1.102 GC heap after
{Heap after GC invocations=2 (full 0):
 garbage-first heap   total 192512K, used 3924K [0x0000000746800000, 0x0000000800000000)
  region size 1024K, 1 young (1024K), 1 survivors (1024K)
 Metaspace       used 5394K, capacity 7934K, committed 8192K, reserved 1056768K
  class space    used 641K, capacity 924K, committed 1024K, reserved 1048576K
}
Event: 2.054 GC heap before
{Heap before GC invocations=2 (full 0):
 garbage-first heap   total 192512K, used 35668K [0x0000000746800000, 0x0000000800000000)
  region size 1024K, 32 young (32768K), 1 survivors (1024K)
 Metaspace       used 10325K, capacity 12526K, committed 12928K, reserved 1060864K
  class space    used 1280K, capacity 1550K, committed 1664K, reserved 1048576K
}
Event: 2.065 GC heap after
{Heap after GC invocations=3 (full 0):
 garbage-first heap   total 192512K, used 5568K [0x0000000746800000, 0x0000000800000000)
  region size 1024K, 3 young (3072K), 3 survivors (3072K)
 Metaspace       used 10325K, capacity 12526K, committed 12928K, reserved 1060864K
  class space    used 1280K, capacity 1550K, committed 1664K, reserved 1048576K
}
Event: 2.911 GC heap before
{Heap before GC invocations=3 (full 0):
 garbage-first heap   total 192512K, used 57792K [0x0000000746800000, 0x0000000800000000)
  region size 1024K, 54 young (55296K), 3 survivors (3072K)
 Metaspace       used 13331K, capacity 14979K, committed 15360K, reserved 1062912K
  class space    used 1537K, capacity 1762K, committed 1792K, reserved 1048576K
}
Event: 2.922 GC heap after
{Heap after GC invocations=4 (full 0):
 garbage-first heap   total 192512K, used 9220K [0x0000000746800000, 0x0000000800000000)
  region size 1024K, 6 young (6144K), 6 survivors (6144K)
 Metaspace       used 13331K, capacity 14979K, committed 15360K, reserved 1062912K
  class space    used 1537K, capacity 1762K, committed 1792K, reserved 1048576K
}
Event: 3.907 GC heap before
{Heap before GC invocations=4 (full 0):
 garbage-first heap   total 192512K, used 101380K [0x0000000746800000, 0x0000000800000000)
  region size 1024K, 98 young (100352K), 6 survivors (6144K)
 Metaspace       used 19745K, capacity 20973K, committed 21296K, reserved 1069056K
  class space    used 2350K, capacity 2613K, committed 2688K, reserved 1048576K
}
Event: 3.927 GC heap after
{Heap after GC invocations=5 (full 0):
 garbage-first heap   total 231424K, used 14018K [0x0000000746800000, 0x0000000800000000)
  region size 1024K, 11 young (11264K), 11 survivors (11264K)
 Metaspace       used 19745K, capacity 20973K, committed 21296K, reserved 1069056K
  class space    used 2350K, capacity 2613K, committed 2688K, reserved 1048576K
}

